

*******************************************************************************
Thu Aug 17 00:08:32 2023


FIT:    data read from './function_chi_final_BETA6.txt'
        format = z
        #datapoints = 200
        residuals are weighted equally (unit weight)

function used for fitting: f(x)
	f(x)=(3.1415*s)**(-0.5)*exp(-(x*x)/(2*s))
fitted parameters initialized with current variable values

iter      chisq       delta/lim  lambda   s            
   0 2.6030270972e+00   0.00e+00  4.43e-02    1.000000e+00
  17 5.9712123911e-01  -3.74e-01  4.43e-19    8.513028e+06

After 17 iterations the fit converged.
final sum of squares of residuals : 0.597121
rel. change during last iteration : -3.73864e-06

degrees of freedom    (FIT_NDF)                        : 199
rms of residuals      (FIT_STDFIT) = sqrt(WSSR/ndf)    : 0.0547778
variance of residuals (reduced chisquare) = WSSR/ndf   : 0.00300061

Final set of parameters            Asymptotic Standard Error
=======================            ==========================
s               = 8.51303e+06      +/- 3.413e+08    (4009%)


*******************************************************************************
Thu Aug 17 00:14:27 2023


FIT:    data read from './function_chi_final_BETA7.txt'
        format = z
        #datapoints = 200
        residuals are weighted equally (unit weight)

function used for fitting: f(x)
	f(x)=(3.1415*s)**(-0.5)*exp(-(x*x)/(2*s))
fitted parameters initialized with current variable values

iter      chisq       delta/lim  lambda   s            
   0 5.9712079918e-01   0.00e+00  9.66e-05    8.513028e+06
   1 5.9712044415e-01  -5.95e-02  9.66e-06    1.232718e+07

After 1 iterations the fit converged.
final sum of squares of residuals : 0.59712
rel. change during last iteration : -5.94574e-07

degrees of freedom    (FIT_NDF)                        : 199
rms of residuals      (FIT_STDFIT) = sqrt(WSSR/ndf)    : 0.0547778
variance of residuals (reduced chisquare) = WSSR/ndf   : 0.00300061

Final set of parameters            Asymptotic Standard Error
=======================            ==========================
s               = 1.23272e+07      +/- 5.947e+08    (4825%)


*******************************************************************************
Tue Sep 12 09:05:29 2023


FIT:    data read from 'function_chi_final.txt'
        format = z
        #datapoints = 500
        residuals are weighted equally (unit weight)

function used for fitting: f(x)
	f(x) = (3.1415*s**2)**(-1/2)*e**(-x**2/(2*s**2))
fitted parameters initialized with current variable values



*******************************************************************************
Tue Sep 12 09:06:20 2023


FIT:    data read from 'function_chi_final.txt'
        format = z
        #datapoints = 500
        residuals are weighted equally (unit weight)

function used for fitting: f(x)
	f(x) = (3.1415*s**2)**(-1/2)*exp(-x**2/(2*s**2))
fitted parameters initialized with current variable values

iter      chisq       delta/lim  lambda   s            
   0 2.1737980044e+00   0.00e+00  1.49e-01    1.000000e+00
   5 1.0019633162e-01  -1.07e-01  1.49e-06    5.866742e-01

After 5 iterations the fit converged.
final sum of squares of residuals : 0.100196
rel. change during last iteration : -1.0677e-06

degrees of freedom    (FIT_NDF)                        : 499
rms of residuals      (FIT_STDFIT) = sqrt(WSSR/ndf)    : 0.0141702
variance of residuals (reduced chisquare) = WSSR/ndf   : 0.000200794

Final set of parameters            Asymptotic Standard Error
=======================            ==========================
s               = 0.586674         +/- 0.003262     (0.556%)


*******************************************************************************
Tue Sep 12 09:10:32 2023


FIT:    data read from 'function_chi_final.txt'
        format = z
        #datapoints = 500
        residuals are weighted equally (unit weight)

function used for fitting: f(x)
	f(x) = (3.1415*s**2)**(-1/2)*exp(-x**2/(2*s**2))
fitted parameters initialized with current variable values

iter      chisq       delta/lim  lambda   s            
   0 2.8833831510e-01   0.00e+00  1.14e-01    5.866742e-01
   3 2.8645937112e-01  -8.86e-01  1.14e-04    5.978977e-01

After 3 iterations the fit converged.
final sum of squares of residuals : 0.286459
rel. change during last iteration : -8.85992e-06

degrees of freedom    (FIT_NDF)                        : 499
rms of residuals      (FIT_STDFIT) = sqrt(WSSR/ndf)    : 0.0239597
variance of residuals (reduced chisquare) = WSSR/ndf   : 0.000574067

Final set of parameters            Asymptotic Standard Error
=======================            ==========================
s               = 0.597898         +/- 0.005568     (0.9312%)


*******************************************************************************
Tue Sep 12 09:11:29 2023


FIT:    data read from 'function_chi_final.txt'
        format = z
        #datapoints = 500
        residuals are weighted equally (unit weight)

function used for fitting: f(x)
	f(x) = (3.1415*s**2)**(-1/2)*exp(-x**2/(2*s**2))
fitted parameters initialized with current variable values

iter      chisq       delta/lim  lambda   s            
   0 6.7271595198e-01   0.00e+00  1.15e-01    5.978977e-01
   3 6.7201175352e-01  -6.55e-01  1.15e-04    6.052461e-01

After 3 iterations the fit converged.
final sum of squares of residuals : 0.672012
rel. change during last iteration : -6.54939e-06

degrees of freedom    (FIT_NDF)                        : 499
rms of residuals      (FIT_STDFIT) = sqrt(WSSR/ndf)    : 0.0366976
variance of residuals (reduced chisquare) = WSSR/ndf   : 0.00134672

Final set of parameters            Asymptotic Standard Error
=======================            ==========================
s               = 0.605246         +/- 0.00858      (1.418%)


*******************************************************************************
Tue Sep 12 09:12:50 2023


FIT:    data read from 'function_chi_final.txt'
        format = z
        #datapoints = 500
        residuals are weighted equally (unit weight)

function used for fitting: f(x)
	f(x) = (3.1415*s**2)**(-1/2)*exp(-x**2/(2*s**2))
fitted parameters initialized with current variable values

iter      chisq       delta/lim  lambda   s            
   0 1.4359791171e+00   0.00e+00  1.16e-01    6.052461e-01
   5 1.4341277554e+00  -3.35e-01  1.16e-06    5.921124e-01

After 5 iterations the fit converged.
final sum of squares of residuals : 1.43413
rel. change during last iteration : -3.3522e-06

degrees of freedom    (FIT_NDF)                        : 499
rms of residuals      (FIT_STDFIT) = sqrt(WSSR/ndf)    : 0.0536097
variance of residuals (reduced chisquare) = WSSR/ndf   : 0.002874

Final set of parameters            Asymptotic Standard Error
=======================            ==========================
s               = 0.592112         +/- 0.0124       (2.094%)


*******************************************************************************
Tue Sep 12 09:14:03 2023


FIT:    data read from 'function_chi_final.txt'
        format = z
        #datapoints = 500
        residuals are weighted equally (unit weight)

function used for fitting: f(x)
	f(x) = (3.1415*s**2)**(-1/2)*exp(-x**2/(2*s**2))
fitted parameters initialized with current variable values

iter      chisq       delta/lim  lambda   s            
   0 2.8759534490e+00   0.00e+00  1.15e-01    5.921124e-01
  15 2.7535901638e+00  -8.35e-01  1.15e-16    4.481763e-01

After 15 iterations the fit converged.
final sum of squares of residuals : 2.75359
rel. change during last iteration : -8.35188e-06

degrees of freedom    (FIT_NDF)                        : 499
rms of residuals      (FIT_STDFIT) = sqrt(WSSR/ndf)    : 0.0742847
variance of residuals (reduced chisquare) = WSSR/ndf   : 0.00551822

Final set of parameters            Asymptotic Standard Error
=======================            ==========================
s               = 0.448176         +/- 0.01495      (3.335%)


*******************************************************************************
Tue Sep 12 09:15:33 2023


FIT:    data read from 'function_chi_final.txt'
        format = z
        #datapoints = 500
        residuals are weighted equally (unit weight)

function used for fitting: f(x)
	f(x) = (3.1415*s**2)**(-1/2)*exp(-x**2/(2*s**2))
fitted parameters initialized with current variable values

iter      chisq       delta/lim  lambda   s            
   0 2.7859451544e+00   0.00e+00  9.96e-02    4.481763e-01
   7 2.7851843173e+00  -6.85e-01  9.96e-09    4.388520e-01

After 7 iterations the fit converged.
final sum of squares of residuals : 2.78518
rel. change during last iteration : -6.84826e-06

degrees of freedom    (FIT_NDF)                        : 499
rms of residuals      (FIT_STDFIT) = sqrt(WSSR/ndf)    : 0.0747096
variance of residuals (reduced chisquare) = WSSR/ndf   : 0.00558153

Final set of parameters            Asymptotic Standard Error
=======================            ==========================
s               = 0.438852         +/- 0.01487      (3.389%)


*******************************************************************************
Tue Sep 12 09:17:04 2023


FIT:    data read from 'function_chi_final.txt'
        format = z
        #datapoints = 500
        residuals are weighted equally (unit weight)

function used for fitting: f(x)
	f(x) = (3.1415*s**2)**(-1/2)*exp(-x**2/(2*s**2))
fitted parameters initialized with current variable values

iter      chisq       delta/lim  lambda   s            
   0 4.2066518989e+00   0.00e+00  9.86e-02    4.388520e-01
  15 2.5363488467e+00  -4.18e-01  9.86e-17    3.775881e-02

After 15 iterations the fit converged.
final sum of squares of residuals : 2.53635
rel. change during last iteration : -4.17515e-06

degrees of freedom    (FIT_NDF)                        : 499
rms of residuals      (FIT_STDFIT) = sqrt(WSSR/ndf)    : 0.0712942
variance of residuals (reduced chisquare) = WSSR/ndf   : 0.00508286

Final set of parameters            Asymptotic Standard Error
=======================            ==========================
s               = 0.0377588        +/- 0.003753     (9.94%)


*******************************************************************************
Tue Sep 12 09:19:15 2023


FIT:    data read from 'function_chi_final.txt'
        format = z
        #datapoints = 500
        residuals are weighted equally (unit weight)

function used for fitting: f(x)
	f(x) = (3.1415*s**2)**(-1/2)*exp(-x**2/(2*s**2))
fitted parameters initialized with current variable values

iter      chisq       delta/lim  lambda   s            
   0 1.9392958175e+00   0.00e+00  3.21e-02    3.775881e-02
   3 1.9241477372e+00  -1.66e-02  3.21e-05    3.108672e-02

After 3 iterations the fit converged.
final sum of squares of residuals : 1.92415
rel. change during last iteration : -1.66024e-07

degrees of freedom    (FIT_NDF)                        : 499
rms of residuals      (FIT_STDFIT) = sqrt(WSSR/ndf)    : 0.0620968
variance of residuals (reduced chisquare) = WSSR/ndf   : 0.00385601

Final set of parameters            Asymptotic Standard Error
=======================            ==========================
s               = 0.0310867        +/- 0.003336     (10.73%)


*******************************************************************************
Tue Sep 12 09:19:43 2023


FIT:    data read from 'function_chi_final.txt'
        format = z
        #datapoints = 500
        residuals are weighted equally (unit weight)

function used for fitting: f(x)
	f(x) = (3.1415*s**2)**(-1/2)*exp(-x**2/(2*s**2))
fitted parameters initialized with current variable values

iter      chisq       delta/lim  lambda   s            
   0 1.9241477372e+00   0.00e+00  2.59e-02    3.108672e-02
   1 1.9241477359e+00  -6.46e-05  2.59e-03    3.108541e-02

After 1 iterations the fit converged.
final sum of squares of residuals : 1.92415
rel. change during last iteration : -6.46336e-10

degrees of freedom    (FIT_NDF)                        : 499
rms of residuals      (FIT_STDFIT) = sqrt(WSSR/ndf)    : 0.0620968
variance of residuals (reduced chisquare) = WSSR/ndf   : 0.00385601

Final set of parameters            Asymptotic Standard Error
=======================            ==========================
s               = 0.0310854        +/- 0.003336     (10.73%)


*******************************************************************************
Tue Sep 12 09:19:47 2023


FIT:    data read from 'function_chi_final.txt'
        format = z
        #datapoints = 500
        residuals are weighted equally (unit weight)

function used for fitting: f(x)
	f(x) = (3.1415*s**2)**(-1/2)*exp(-x**2/(2*s**2))
fitted parameters initialized with current variable values

iter      chisq       delta/lim  lambda   s            
   0 1.9241477359e+00   0.00e+00  2.59e-02    3.108541e-02
   1 1.9241477359e+00  -1.57e-06  2.59e-03    3.108535e-02

After 1 iterations the fit converged.
final sum of squares of residuals : 1.92415
rel. change during last iteration : -1.57486e-11

degrees of freedom    (FIT_NDF)                        : 499
rms of residuals      (FIT_STDFIT) = sqrt(WSSR/ndf)    : 0.0620968
variance of residuals (reduced chisquare) = WSSR/ndf   : 0.00385601

Final set of parameters            Asymptotic Standard Error
=======================            ==========================
s               = 0.0310853        +/- 0.003336     (10.73%)


*******************************************************************************
Tue Sep 12 09:19:48 2023


FIT:    data read from 'function_chi_final.txt'
        format = z
        #datapoints = 500
        residuals are weighted equally (unit weight)

function used for fitting: f(x)
	f(x) = (3.1415*s**2)**(-1/2)*exp(-x**2/(2*s**2))
fitted parameters initialized with current variable values

iter      chisq       delta/lim  lambda   s            
   0 1.9241477359e+00   0.00e+00  2.59e-02    3.108535e-02
   1 1.9241477359e+00  -7.02e-08  2.59e-03    3.108535e-02

After 1 iterations the fit converged.
final sum of squares of residuals : 1.92415
rel. change during last iteration : -7.01626e-13

degrees of freedom    (FIT_NDF)                        : 499
rms of residuals      (FIT_STDFIT) = sqrt(WSSR/ndf)    : 0.0620968
variance of residuals (reduced chisquare) = WSSR/ndf   : 0.00385601

Final set of parameters            Asymptotic Standard Error
=======================            ==========================
s               = 0.0310853        +/- 0.003336     (10.73%)


*******************************************************************************
Tue Sep 12 09:19:49 2023


FIT:    data read from 'function_chi_final.txt'
        format = z
        #datapoints = 500
        residuals are weighted equally (unit weight)

function used for fitting: f(x)
	f(x) = (3.1415*s**2)**(-1/2)*exp(-x**2/(2*s**2))
fitted parameters initialized with current variable values

iter      chisq       delta/lim  lambda   s            
   0 1.9241477359e+00   0.00e+00  2.59e-02    3.108535e-02
   1 1.9241477359e+00  -3.25e-09  2.59e-03    3.108535e-02

After 1 iterations the fit converged.
final sum of squares of residuals : 1.92415
rel. change during last iteration : -3.25425e-14

degrees of freedom    (FIT_NDF)                        : 499
rms of residuals      (FIT_STDFIT) = sqrt(WSSR/ndf)    : 0.0620968
variance of residuals (reduced chisquare) = WSSR/ndf   : 0.00385601

Final set of parameters            Asymptotic Standard Error
=======================            ==========================
s               = 0.0310853        +/- 0.003336     (10.73%)


*******************************************************************************
Tue Sep 12 09:19:51 2023


FIT:    data read from 'function_chi_final.txt'
        format = z
        #datapoints = 500
        residuals are weighted equally (unit weight)

function used for fitting: f(x)
	f(x) = (3.1415*s**2)**(-1/2)*exp(-x**2/(2*s**2))
fitted parameters initialized with current variable values

iter      chisq       delta/lim  lambda   s            
   0 1.9241477359e+00   0.00e+00  2.59e-02    3.108535e-02
   1 1.9241477359e+00  -1.50e-10  2.59e-03    3.108535e-02

After 1 iterations the fit converged.
final sum of squares of residuals : 1.92415
rel. change during last iteration : -1.50019e-15

degrees of freedom    (FIT_NDF)                        : 499
rms of residuals      (FIT_STDFIT) = sqrt(WSSR/ndf)    : 0.0620968
variance of residuals (reduced chisquare) = WSSR/ndf   : 0.00385601

Final set of parameters            Asymptotic Standard Error
=======================            ==========================
s               = 0.0310853        +/- 0.003336     (10.73%)


*******************************************************************************
Tue Sep 12 09:32:14 2023


FIT:    data read from 'function_chi_final.txt'
        format = z
        #datapoints = 500
        residuals are weighted equally (unit weight)

function used for fitting: f(x)
	f(x) = exp(-x**2/(2*s**2))*(3.1415*s**2)**(-1/2)
fitted parameters initialized with current variable values

iter      chisq       delta/lim  lambda   s            
   0 1.9241477359e+00   0.00e+00  2.59e-02    3.108535e-02
   1 1.9241477359e+00  -1.15e-11  2.59e-03    3.108535e-02

After 1 iterations the fit converged.
final sum of squares of residuals : 1.92415
rel. change during last iteration : -1.15399e-16

degrees of freedom    (FIT_NDF)                        : 499
rms of residuals      (FIT_STDFIT) = sqrt(WSSR/ndf)    : 0.0620968
variance of residuals (reduced chisquare) = WSSR/ndf   : 0.00385601

Final set of parameters            Asymptotic Standard Error
=======================            ==========================
s               = 0.0310853        +/- 0.003336     (10.73%)


*******************************************************************************
Tue Sep 12 09:35:38 2023


FIT:    data read from 'function_chi_final.txt'
        format = z
        #datapoints = 500
        residuals are weighted equally (unit weight)

function used for fitting: f(x)
	f(x) = exp(-x**2/(2*s**2))*((3.1415*s**2)**(-1/2))
fitted parameters initialized with current variable values

iter      chisq       delta/lim  lambda   s            
   0 1.9241477359e+00   0.00e+00  2.59e-02    3.108535e-02
   1 1.9241477359e+00   0.00e+00  2.59e-03    3.108535e-02

After 1 iterations the fit converged.
final sum of squares of residuals : 1.92415
rel. change during last iteration : 0

degrees of freedom    (FIT_NDF)                        : 499
rms of residuals      (FIT_STDFIT) = sqrt(WSSR/ndf)    : 0.0620968
variance of residuals (reduced chisquare) = WSSR/ndf   : 0.00385601

Final set of parameters            Asymptotic Standard Error
=======================            ==========================
s               = 0.0310853        +/- 0.003336     (10.73%)


*******************************************************************************
Tue Sep 12 13:19:26 2023


FIT:    data read from 'function_chi_final.txt'
        format = z
        #datapoints = 500
        residuals are weighted equally (unit weight)

function used for fitting: f(x)
	f(x) = exp(-x**2/(2*s**2))*((3.1415*s**2)**(-1/2))
fitted parameters initialized with current variable values

iter      chisq       delta/lim  lambda   s            
   0 1.9241477359e+00   0.00e+00  2.59e-02    3.108535e-02
   1 1.9241477359e+00   0.00e+00  2.59e-03    3.108535e-02

After 1 iterations the fit converged.
final sum of squares of residuals : 1.92415
rel. change during last iteration : 0

degrees of freedom    (FIT_NDF)                        : 499
rms of residuals      (FIT_STDFIT) = sqrt(WSSR/ndf)    : 0.0620968
variance of residuals (reduced chisquare) = WSSR/ndf   : 0.00385601

Final set of parameters            Asymptotic Standard Error
=======================            ==========================
s               = 0.0310853        +/- 0.003336     (10.73%)


*******************************************************************************
Tue Sep 12 13:52:42 2023


FIT:    data read from 'function_chi_final.txt'
        format = z
        #datapoints = 500
        residuals are weighted equally (unit weight)

function used for fitting: f(x)
	f(x) = exp(-x**2/(2*s**2))*((3.1415*s**2)**(-1/2))
fitted parameters initialized with current variable values

iter      chisq       delta/lim  lambda   s            
   0 4.6178402061e+00   0.00e+00  2.59e-02    3.108535e-02
  16 1.4344268886e+00  -3.88e-01  2.59e-18    5.913138e-01

After 16 iterations the fit converged.
final sum of squares of residuals : 1.43443
rel. change during last iteration : -3.88186e-06

degrees of freedom    (FIT_NDF)                        : 499
rms of residuals      (FIT_STDFIT) = sqrt(WSSR/ndf)    : 0.0536153
variance of residuals (reduced chisquare) = WSSR/ndf   : 0.0028746

Final set of parameters            Asymptotic Standard Error
=======================            ==========================
s               = 0.591314         +/- 0.01239      (2.095%)


*******************************************************************************
Tue Sep 12 14:02:37 2023


FIT:    data read from 'function_chi_final.txt'
        format = z
        #datapoints = 500
        residuals are weighted equally (unit weight)

function used for fitting: f(x)
	f(x) = exp(-x**2/(2*s**2))*((3.1415*s**2)**(-1/2))
fitted parameters initialized with current variable values

iter      chisq       delta/lim  lambda   s            
   0 1.4344268886e+00   0.00e+00  1.14e-01    5.913138e-01
   1 1.4344263774e+00  -3.56e-02  1.14e-02    5.915735e-01

After 1 iterations the fit converged.
final sum of squares of residuals : 1.43443
rel. change during last iteration : -3.56372e-07

degrees of freedom    (FIT_NDF)                        : 499
rms of residuals      (FIT_STDFIT) = sqrt(WSSR/ndf)    : 0.0536153
variance of residuals (reduced chisquare) = WSSR/ndf   : 0.0028746

Final set of parameters            Asymptotic Standard Error
=======================            ==========================
s               = 0.591574         +/- 0.01239      (2.095%)


*******************************************************************************
Tue Sep 12 14:04:27 2023


FIT:    data read from 'function_chi_final.txt'
        format = z
        #datapoints = 500
        residuals are weighted equally (unit weight)

function used for fitting: f(x)
	f(x) = exp(-x**2/(2*s**2))*((3.1415*s**2)**(-1./2.))
fitted parameters initialized with current variable values

iter      chisq       delta/lim  lambda   s            
   0 1.2213965272e-02   0.00e+00  8.58e-02    1.000000e+00
   3 1.2064139551e-02  -1.04e-01  8.58e-05    9.934496e-01

After 3 iterations the fit converged.
final sum of squares of residuals : 0.0120641
rel. change during last iteration : -1.03717e-06

degrees of freedom    (FIT_NDF)                        : 499
rms of residuals      (FIT_STDFIT) = sqrt(WSSR/ndf)    : 0.00491697
variance of residuals (reduced chisquare) = WSSR/ndf   : 2.41766e-05

Final set of parameters            Asymptotic Standard Error
=======================            ==========================
s               = 0.99345          +/- 0.002538     (0.2554%)


*******************************************************************************
Wed Sep 13 15:37:09 2023


FIT:    data read from 'function_chi_final.txt'
        format = z
        x range restricted to [0.00000 : 30.0000]
        #datapoints = 500
        residuals are weighted equally (unit weight)

function used for fitting: f(x)
	f(x) = exp(-x**2/(2*s**2))*((3.1415*s**2)**(-1./2.))
fitted parameters initialized with current variable values

iter      chisq       delta/lim  lambda   s            
   0 8.3135862410e-01   0.00e+00  8.61e-02    9.934496e-01
   5 7.4717376570e-03  -1.57e-02  8.61e-07    6.423907e-01

After 5 iterations the fit converged.
final sum of squares of residuals : 0.00747174
rel. change during last iteration : -1.56573e-07

degrees of freedom    (FIT_NDF)                        : 499
rms of residuals      (FIT_STDFIT) = sqrt(WSSR/ndf)    : 0.00386955
variance of residuals (reduced chisquare) = WSSR/ndf   : 1.49734e-05

Final set of parameters            Asymptotic Standard Error
=======================            ==========================
s               = 0.642391         +/- 0.001026     (0.1598%)


*******************************************************************************
Wed Sep 13 15:42:01 2023


FIT:    data read from 'function_chi_final.txt'
        format = z
        x range restricted to [0.00000 : 30.0000]
        #datapoints = 500
        residuals are weighted equally (unit weight)

function used for fitting: f(x)
	f(x) = exp(-x**2/(2*s**2))*((3.1415*s**2)**(-1./2.))
fitted parameters initialized with current variable values

iter      chisq       delta/lim  lambda   s            
   0 6.0663774023e-02   0.00e+00  1.08e-01    6.423907e-01
   4 8.8921063089e-03  -1.20e-03  1.08e+00    7.092641e-01

After 4 iterations the fit converged.
final sum of squares of residuals : 0.00889211
rel. change during last iteration : -1.2022e-08

degrees of freedom    (FIT_NDF)                        : 499
rms of residuals      (FIT_STDFIT) = sqrt(WSSR/ndf)    : 0.00422136
variance of residuals (reduced chisquare) = WSSR/ndf   : 1.78199e-05

Final set of parameters            Asymptotic Standard Error
=======================            ==========================
s               = 0.709264         +/- 0.001303     (0.1837%)


*******************************************************************************
Wed Sep 13 15:44:10 2023


FIT:    data read from 'function_chi_final.txt'
        format = z
        x range restricted to [0.00000 : 30.0000]
        #datapoints = 500
        residuals are weighted equally (unit weight)

function used for fitting: f(x)
	f(x) = exp(-x**2/(2*s**2))*((3.1415*s**2)**(-1./2.))
fitted parameters initialized with current variable values

iter      chisq       delta/lim  lambda   s            
   0 9.5676445841e-02   0.00e+00  1.03e-01    7.092641e-01
   4 1.0472595352e-02  -1.26e-01  1.03e-05    8.125628e-01

After 4 iterations the fit converged.
final sum of squares of residuals : 0.0104726
rel. change during last iteration : -1.26077e-06

degrees of freedom    (FIT_NDF)                        : 499
rms of residuals      (FIT_STDFIT) = sqrt(WSSR/ndf)    : 0.00458118
variance of residuals (reduced chisquare) = WSSR/ndf   : 2.09872e-05

Final set of parameters            Asymptotic Standard Error
=======================            ==========================
s               = 0.812563         +/- 0.001741     (0.2142%)


*******************************************************************************
Wed Sep 13 15:46:12 2023


FIT:    data read from 'function_chi_final.txt'
        format = z
        x range restricted to [0.00000 : 30.0000]
        #datapoints = 500
        residuals are weighted equally (unit weight)

function used for fitting: f(x)
	f(x) = exp(-x**2/(2*s**2))*((3.1415*s**2)**(-1./2.))
fitted parameters initialized with current variable values

iter      chisq       delta/lim  lambda   s            
   0 1.6558195877e-01   0.00e+00  9.56e-02    8.125628e-01
   5 1.2064134471e-02   0.00e+00  9.56e+04    9.934252e-01

After 5 iterations the fit converged.
final sum of squares of residuals : 0.0120641
rel. change during last iteration : 0

degrees of freedom    (FIT_NDF)                        : 499
rms of residuals      (FIT_STDFIT) = sqrt(WSSR/ndf)    : 0.00491697
variance of residuals (reduced chisquare) = WSSR/ndf   : 2.41766e-05

Final set of parameters            Asymptotic Standard Error
=======================            ==========================
s               = 0.993425         +/- 0.002538     (0.2554%)


*******************************************************************************
Wed Sep 13 15:49:02 2023


FIT:    data read from 'function_chi_final.txt'
        format = z
        x range restricted to [0.00000 : 30.0000]
        #datapoints = 500
        residuals are weighted equally (unit weight)

function used for fitting: f(x)
	f(x) = exp(-x**2/(2*s**2))*((3.1415*s**2)**(-1./2.))
fitted parameters initialized with current variable values

iter      chisq       delta/lim  lambda   s            
   0 3.4116102444e-01   0.00e+00  8.61e-02    9.934252e-01
   5 1.3010000779e-02  -1.27e-01  8.61e-07    1.400508e+00

After 5 iterations the fit converged.
final sum of squares of residuals : 0.01301
rel. change during last iteration : -1.26506e-06

degrees of freedom    (FIT_NDF)                        : 499
rms of residuals      (FIT_STDFIT) = sqrt(WSSR/ndf)    : 0.00510609
variance of residuals (reduced chisquare) = WSSR/ndf   : 2.60721e-05

Final set of parameters            Asymptotic Standard Error
=======================            ==========================
s               = 1.40051          +/- 0.004439     (0.317%)


*******************************************************************************
Wed Sep 13 15:51:12 2023


FIT:    data read from 'function_chi_final.txt'
        format = z
        x range restricted to [0.00000 : 30.0000]
        #datapoints = 500
        residuals are weighted equally (unit weight)

function used for fitting: f(x)
	f(x) = exp(-x**2/(2*s**2))*((3.1415*s**2)**(-1./2.))
fitted parameters initialized with current variable values

iter      chisq       delta/lim  lambda   s            
   0 5.8511188011e-01   0.00e+00  7.20e-02    1.400508e+00
   6 8.8704140822e-03  -1.59e-02  7.20e-02    2.526534e+00

After 6 iterations the fit converged.
final sum of squares of residuals : 0.00887041
rel. change during last iteration : -1.59113e-07

degrees of freedom    (FIT_NDF)                        : 499
rms of residuals      (FIT_STDFIT) = sqrt(WSSR/ndf)    : 0.0042162
variance of residuals (reduced chisquare) = WSSR/ndf   : 1.77764e-05

Final set of parameters            Asymptotic Standard Error
=======================            ==========================
s               = 2.52653          +/- 0.008944     (0.354%)


*******************************************************************************
Wed Sep 13 15:53:17 2023


FIT:    data read from 'function_chi_final.txt'
        format = z
        x range restricted to [0.00000 : 30.0000]
        #datapoints = 500
        residuals are weighted equally (unit weight)

function used for fitting: f(x)
	f(x) = exp(-x**2/(2*s**2))*((3.1415*s**2)**(-1./2.))
fitted parameters initialized with current variable values

iter      chisq       delta/lim  lambda   s            
   0 1.8265949643e-01   0.00e+00  5.33e-02    2.526534e+00
   5 2.8037541172e-03  -1.87e-01  5.33e-07    3.829071e+00

After 5 iterations the fit converged.
final sum of squares of residuals : 0.00280375
rel. change during last iteration : -1.87359e-06

degrees of freedom    (FIT_NDF)                        : 499
rms of residuals      (FIT_STDFIT) = sqrt(WSSR/ndf)    : 0.00237039
variance of residuals (reduced chisquare) = WSSR/ndf   : 5.61875e-06

Final set of parameters            Asymptotic Standard Error
=======================            ==========================
s               = 3.82907          +/- 0.00941      (0.2457%)


*******************************************************************************
Wed Sep 13 15:55:19 2023


FIT:    data read from 'function_chi_final.txt'
        format = z
        x range restricted to [0.00000 : 30.0000]
        #datapoints = 500
        residuals are weighted equally (unit weight)

function used for fitting: f(x)
	f(x) = exp(-x**2/(2*s**2))*((3.1415*s**2)**(-1./2.))
fitted parameters initialized with current variable values

iter      chisq       delta/lim  lambda   s            
   0 3.2416429644e-02   0.00e+00  4.31e-02    3.829071e+00
   4 6.6266963721e-04  -3.38e-01  4.31e-06    4.670242e+00

After 4 iterations the fit converged.
final sum of squares of residuals : 0.00066267
rel. change during last iteration : -3.38179e-06

degrees of freedom    (FIT_NDF)                        : 499
rms of residuals      (FIT_STDFIT) = sqrt(WSSR/ndf)    : 0.00115239
variance of residuals (reduced chisquare) = WSSR/ndf   : 1.328e-06

Final set of parameters            Asymptotic Standard Error
=======================            ==========================
s               = 4.67024          +/- 0.006169     (0.1321%)


*******************************************************************************
Wed Sep 13 15:58:08 2023


FIT:    data read from 'function_chi_final.txt'
        format = z
        x range restricted to [0.00000 : 30.0000]
        #datapoints = 500
        residuals are weighted equally (unit weight)

function used for fitting: f(x)
	f(x) = exp(-x**2/(2*s**2))*((3.1415*s**2)**(-1./2.))
fitted parameters initialized with current variable values

iter      chisq       delta/lim  lambda   s            
   0 7.4876625474e-03   0.00e+00  3.90e-02    4.670242e+00
   4 1.0642623129e-04   0.00e+00  3.90e+04    5.170975e+00

After 4 iterations the fit converged.
final sum of squares of residuals : 0.000106426
rel. change during last iteration : 0

degrees of freedom    (FIT_NDF)                        : 499
rms of residuals      (FIT_STDFIT) = sqrt(WSSR/ndf)    : 0.000461821
variance of residuals (reduced chisquare) = WSSR/ndf   : 2.13279e-07

Final set of parameters            Asymptotic Standard Error
=======================            ==========================
s               = 5.17098          +/- 0.002881     (0.05572%)


*******************************************************************************
Wed Sep 13 16:00:01 2023


FIT:    data read from 'function_chi_final.txt'
        format = z
        x range restricted to [0.00000 : 30.0000]
        #datapoints = 500
        residuals are weighted equally (unit weight)

function used for fitting: f(x)
	f(x) = exp(-x**2/(2*s**2))*((3.1415*s**2)**(-1./2.))
fitted parameters initialized with current variable values

iter      chisq       delta/lim  lambda   s            
   0 1.7135141694e-03   0.00e+00  3.71e-02    5.170975e+00
   3 5.7043780558e-06  -6.18e-01  3.71e-05    5.439198e+00

After 3 iterations the fit converged.
final sum of squares of residuals : 5.70438e-06
rel. change during last iteration : -6.17802e-06

degrees of freedom    (FIT_NDF)                        : 499
rms of residuals      (FIT_STDFIT) = sqrt(WSSR/ndf)    : 0.000106919
variance of residuals (reduced chisquare) = WSSR/ndf   : 1.14316e-08

Final set of parameters            Asymptotic Standard Error
=======================            ==========================
s               = 5.4392           +/- 0.0007198    (0.01323%)


*******************************************************************************
Wed Sep 13 16:01:44 2023


FIT:    data read from 'function_chi_final.txt'
        format = z
        x range restricted to [0.00000 : 30.0000]
        #datapoints = 500
        residuals are weighted equally (unit weight)

function used for fitting: f(x)
	f(x) = exp(-x**2/(2*s**2))*((3.1415*s**2)**(-1./2.))
fitted parameters initialized with current variable values

iter      chisq       delta/lim  lambda   s            
   0 5.7043780558e-06   0.00e+00  3.61e-02    5.439198e+00
   1 5.7043780558e-06   0.00e+00  3.61e+03    5.439198e+00

After 1 iterations the fit converged.
final sum of squares of residuals : 5.70438e-06
rel. change during last iteration : 0

degrees of freedom    (FIT_NDF)                        : 499
rms of residuals      (FIT_STDFIT) = sqrt(WSSR/ndf)    : 0.000106919
variance of residuals (reduced chisquare) = WSSR/ndf   : 1.14316e-08

Final set of parameters            Asymptotic Standard Error
=======================            ==========================
s               = 5.4392           +/- 0.0007198    (0.01323%)


*******************************************************************************
Wed Sep 13 16:03:40 2023


FIT:    data read from 'function_chi_final.txt'
        format = z
        x range restricted to [0.00000 : 30.0000]
        #datapoints = 500
        residuals are weighted equally (unit weight)

function used for fitting: f(x)
	f(x) = exp(-x**2/(2*s**2))*((3.1415*s**2)**(-1./2.))
fitted parameters initialized with current variable values

iter      chisq       delta/lim  lambda   s            
   0 1.5515726791e-04   0.00e+00  3.61e-02    5.439198e+00
   3 9.3483394026e-09  -5.35e-02  3.61e-05    5.523973e+00

After 3 iterations the fit converged.
final sum of squares of residuals : 9.34834e-09
rel. change during last iteration : -5.34917e-07

degrees of freedom    (FIT_NDF)                        : 499
rms of residuals      (FIT_STDFIT) = sqrt(WSSR/ndf)    : 4.3283e-06
variance of residuals (reduced chisquare) = WSSR/ndf   : 1.87341e-11

Final set of parameters            Asymptotic Standard Error
=======================            ==========================
s               = 5.52397          +/- 2.983e-05    (0.0005399%)


*******************************************************************************
Wed Sep 13 16:06:09 2023


FIT:    data read from 'function_chi_final.txt'
        format = z
        x range restricted to [0.00000 : 30.0000]
        #datapoints = 500
        residuals are weighted equally (unit weight)

function used for fitting: f(x)
	f(x) = exp(-x**2/(2*s**2))*((3.1415*s**2)**(-1./2.))
fitted parameters initialized with current variable values

iter      chisq       delta/lim  lambda   s            
   0 1.6064348809e-04   0.00e+00  3.58e-02    5.523973e+00
   3 5.7088697754e-06  -5.93e-10  3.58e+02    5.439113e+00

After 3 iterations the fit converged.
final sum of squares of residuals : 5.70887e-06
rel. change during last iteration : -5.93486e-15

degrees of freedom    (FIT_NDF)                        : 499
rms of residuals      (FIT_STDFIT) = sqrt(WSSR/ndf)    : 0.000106961
variance of residuals (reduced chisquare) = WSSR/ndf   : 1.14406e-08

Final set of parameters            Asymptotic Standard Error
=======================            ==========================
s               = 5.43911          +/- 0.0007201    (0.01324%)


*******************************************************************************
Wed Sep 13 16:08:06 2023


FIT:    data read from 'function_chi_final.txt'
        format = z
        x range restricted to [0.00000 : 30.0000]
        #datapoints = 500
        residuals are weighted equally (unit weight)

function used for fitting: f(x)
	f(x) = exp(-x**2/(2*s**2))*((3.1415*s**2)**(-1./2.))
fitted parameters initialized with current variable values

iter      chisq       delta/lim  lambda   s            
   0 1.8025803745e-03   0.00e+00  3.61e-02    5.439113e+00
   3 1.0660161828e-04  -1.77e-02  3.61e-05    5.170389e+00

After 3 iterations the fit converged.
final sum of squares of residuals : 0.000106602
rel. change during last iteration : -1.77185e-07

degrees of freedom    (FIT_NDF)                        : 499
rms of residuals      (FIT_STDFIT) = sqrt(WSSR/ndf)    : 0.000462202
variance of residuals (reduced chisquare) = WSSR/ndf   : 2.1363e-07

Final set of parameters            Asymptotic Standard Error
=======================            ==========================
s               = 5.17039          +/- 0.002883     (0.05577%)


*******************************************************************************
Wed Sep 13 16:09:46 2023


FIT:    data read from 'function_chi_final.txt'
        format = z
        x range restricted to [0.00000 : 30.0000]
        #datapoints = 500
        residuals are weighted equally (unit weight)

function used for fitting: f(x)
	f(x) = exp(-x**2/(2*s**2))*((3.1415*s**2)**(-1./2.))
fitted parameters initialized with current variable values

iter      chisq       delta/lim  lambda   s            
   0 7.9756959375e-03   0.00e+00  3.71e-02    5.170389e+00
   4 6.6555627036e-04   0.00e+00  3.71e+04    4.667324e+00

After 4 iterations the fit converged.
final sum of squares of residuals : 0.000665556
rel. change during last iteration : 0

degrees of freedom    (FIT_NDF)                        : 499
rms of residuals      (FIT_STDFIT) = sqrt(WSSR/ndf)    : 0.00115489
variance of residuals (reduced chisquare) = WSSR/ndf   : 1.33378e-06

Final set of parameters            Asymptotic Standard Error
=======================            ==========================
s               = 4.66732          +/- 0.006176     (0.1323%)


*******************************************************************************
Wed Sep 13 16:11:39 2023


FIT:    data read from 'function_chi_final.txt'
        format = z
        x range restricted to [0.00000 : 30.0000]
        #datapoints = 500
        residuals are weighted equally (unit weight)

function used for fitting: f(x)
	f(x) = exp(-x**2/(2*s**2))*((3.1415*s**2)**(-1./2.))
fitted parameters initialized with current variable values

iter      chisq       delta/lim  lambda   s            
   0 3.4610408644e-02   0.00e+00  3.90e-02    4.667324e+00
   4 2.8415678367e-03  -4.53e-02  3.90e-06    3.815604e+00

After 4 iterations the fit converged.
final sum of squares of residuals : 0.00284157
rel. change during last iteration : -4.53011e-07

degrees of freedom    (FIT_NDF)                        : 499
rms of residuals      (FIT_STDFIT) = sqrt(WSSR/ndf)    : 0.00238632
variance of residuals (reduced chisquare) = WSSR/ndf   : 5.69452e-06

Final set of parameters            Asymptotic Standard Error
=======================            ==========================
s               = 3.8156           +/- 0.009423     (0.247%)


*******************************************************************************
Wed Sep 13 16:11:42 2023


FIT:    data read from 'function_chi_final.txt'
        format = z
        x range restricted to [0.00000 : 30.0000]
        #datapoints = 500
        residuals are weighted equally (unit weight)

function used for fitting: f(x)
	f(x) = exp(-x**2/(2*s**2))*((3.1415*s**2)**(-1./2.))
fitted parameters initialized with current variable values

iter      chisq       delta/lim  lambda   s            
   0 2.8415678367e-03   0.00e+00  4.32e-02    3.815604e+00
   1 2.8415678367e-03   0.00e+00  4.32e+04    3.815604e+00

After 1 iterations the fit converged.
final sum of squares of residuals : 0.00284157
rel. change during last iteration : 0

degrees of freedom    (FIT_NDF)                        : 499
rms of residuals      (FIT_STDFIT) = sqrt(WSSR/ndf)    : 0.00238632
variance of residuals (reduced chisquare) = WSSR/ndf   : 5.69452e-06

Final set of parameters            Asymptotic Standard Error
=======================            ==========================
s               = 3.8156           +/- 0.009423     (0.247%)


*******************************************************************************
Wed Sep 13 16:13:10 2023


FIT:    data read from 'function_chi_final.txt'
        format = z
        x range restricted to [0.00000 : 30.0000]
        #datapoints = 500
        residuals are weighted equally (unit weight)

function used for fitting: f(x)
	f(x) = exp(-x**2/(2*s**2))*((3.1415*s**2)**(-1./2.))
fitted parameters initialized with current variable values

iter      chisq       delta/lim  lambda   s            
   0 2.0675503573e-01   0.00e+00  4.32e-02    3.815604e+00
   5 9.3441160807e-03  -2.64e-01  4.32e-07    2.459630e+00

After 5 iterations the fit converged.
final sum of squares of residuals : 0.00934412
rel. change during last iteration : -2.63965e-06

degrees of freedom    (FIT_NDF)                        : 499
rms of residuals      (FIT_STDFIT) = sqrt(WSSR/ndf)    : 0.00432732
variance of residuals (reduced chisquare) = WSSR/ndf   : 1.87257e-05

Final set of parameters            Asymptotic Standard Error
=======================            ==========================
s               = 2.45963          +/- 0.008815     (0.3584%)


*******************************************************************************
Wed Sep 13 16:14:44 2023


FIT:    data read from 'function_chi_final.txt'
        format = z
        x range restricted to [0.00000 : 30.0000]
        #datapoints = 500
        residuals are weighted equally (unit weight)

function used for fitting: f(x)
	f(x) = exp(-x**2/(2*s**2))*((3.1415*s**2)**(-1./2.))
fitted parameters initialized with current variable values

iter      chisq       delta/lim  lambda   s            
   0 8.8281117992e-01   0.00e+00  5.40e-02    2.459630e+00
   6 1.5612088029e-02  -2.86e-01  5.40e-08    1.225572e+00

After 6 iterations the fit converged.
final sum of squares of residuals : 0.0156121
rel. change during last iteration : -2.86004e-06

degrees of freedom    (FIT_NDF)                        : 499
rms of residuals      (FIT_STDFIT) = sqrt(WSSR/ndf)    : 0.00559346
variance of residuals (reduced chisquare) = WSSR/ndf   : 3.12867e-05

Final set of parameters            Asymptotic Standard Error
=======================            ==========================
s               = 1.22557          +/- 0.003972     (0.3241%)


*******************************************************************************
Wed Sep 13 16:16:40 2023


FIT:    data read from 'function_chi_final.txt'
        format = z
        x range restricted to [0.00000 : 30.0000]
        #datapoints = 500
        residuals are weighted equally (unit weight)

function used for fitting: f(x)
	f(x) = exp(-x**2/(2*s**2))*((3.1415*s**2)**(-1./2.))
fitted parameters initialized with current variable values

iter      chisq       delta/lim  lambda   s            
   0 8.2055151857e-01   0.00e+00  7.72e-02    1.225572e+00
   5 1.8108721044e-02  -5.99e-01  7.72e-07    7.559738e-01

After 5 iterations the fit converged.
final sum of squares of residuals : 0.0181087
rel. change during last iteration : -5.98656e-06

degrees of freedom    (FIT_NDF)                        : 499
rms of residuals      (FIT_STDFIT) = sqrt(WSSR/ndf)    : 0.00602412
variance of residuals (reduced chisquare) = WSSR/ndf   : 3.629e-05

Final set of parameters            Asymptotic Standard Error
=======================            ==========================
s               = 0.755974         +/- 0.00205      (0.2712%)


*******************************************************************************
Wed Sep 13 16:18:31 2023


FIT:    data read from 'function_chi_final.txt'
        format = z
        x range restricted to [0.00000 : 30.0000]
        #datapoints = 500
        residuals are weighted equally (unit weight)

function used for fitting: f(x)
	f(x) = exp(-x**2/(2*s**2))*((3.1415*s**2)**(-1./2.))
fitted parameters initialized with current variable values

iter      chisq       delta/lim  lambda   s            
   0 7.3449428424e-01   0.00e+00  9.94e-02    7.559738e-01
   5 2.0152777093e-02  -2.21e-03  9.94e-01    5.271115e-01

After 5 iterations the fit converged.
final sum of squares of residuals : 0.0201528
rel. change during last iteration : -2.20531e-08

degrees of freedom    (FIT_NDF)                        : 499
rms of residuals      (FIT_STDFIT) = sqrt(WSSR/ndf)    : 0.00635502
variance of residuals (reduced chisquare) = WSSR/ndf   : 4.03863e-05

Final set of parameters            Asymptotic Standard Error
=======================            ==========================
s               = 0.527112         +/- 0.001244     (0.236%)


*******************************************************************************
Wed Sep 13 16:20:31 2023


FIT:    data read from 'function_chi_final.txt'
        format = z
        x range restricted to [0.00000 : 30.0000]
        #datapoints = 500
        residuals are weighted equally (unit weight)

function used for fitting: f(x)
	f(x) = exp(-x**2/(2*s**2))*((3.1415*s**2)**(-1./2.))
fitted parameters initialized with current variable values

iter      chisq       delta/lim  lambda   s            
   0 7.9755820596e-01   0.00e+00  1.20e-01    5.271115e-01
   5 2.1520886287e-02   0.00e+00  1.20e+06    3.861188e-01

After 5 iterations the fit converged.
final sum of squares of residuals : 0.0215209
rel. change during last iteration : 0

degrees of freedom    (FIT_NDF)                        : 499
rms of residuals      (FIT_STDFIT) = sqrt(WSSR/ndf)    : 0.00656719
variance of residuals (reduced chisquare) = WSSR/ndf   : 4.3128e-05

Final set of parameters            Asymptotic Standard Error
=======================            ==========================
s               = 0.386119         +/- 0.0007946    (0.2058%)


*******************************************************************************
Wed Sep 13 16:21:55 2023


FIT:    data read from 'function_chi_final.txt'
        format = z
        x range restricted to [0.00000 : 30.0000]
        #datapoints = 500
        residuals are weighted equally (unit weight)

function used for fitting: f(x)
	f(x) = exp(-x**2/(2*s**2))*((3.1415*s**2)**(-1./2.))
fitted parameters initialized with current variable values

iter      chisq       delta/lim  lambda   s            
   0 8.8910282435e-01   0.00e+00  1.43e-01    3.861188e-01
   5 2.1583979954e-02   0.00e+00  1.43e+06    2.924945e-01

After 5 iterations the fit converged.
final sum of squares of residuals : 0.021584
rel. change during last iteration : 0

degrees of freedom    (FIT_NDF)                        : 499
rms of residuals      (FIT_STDFIT) = sqrt(WSSR/ndf)    : 0.00657681
variance of residuals (reduced chisquare) = WSSR/ndf   : 4.32545e-05

Final set of parameters            Asymptotic Standard Error
=======================            ==========================
s               = 0.292494         +/- 0.0005161    (0.1764%)


*******************************************************************************
Wed Sep 13 16:23:49 2023


FIT:    data read from 'function_chi_final.txt'
        format = z
        x range restricted to [0.00000 : 30.0000]
        #datapoints = 500
        residuals are weighted equally (unit weight)

function used for fitting: f(x)
	f(x) = exp(-x**2/(2*s**2))*((3.1415*s**2)**(-1./2.))
fitted parameters initialized with current variable values

iter      chisq       delta/lim  lambda   s            
   0 1.2546544891e+01   0.00e+00  1.67e-01    2.924945e-01
   8 1.2080029950e-02  -9.19e-01  1.67e-09    1.851751e+00

After 8 iterations the fit converged.
final sum of squares of residuals : 0.01208
rel. change during last iteration : -9.1851e-06

degrees of freedom    (FIT_NDF)                        : 499
rms of residuals      (FIT_STDFIT) = sqrt(WSSR/ndf)    : 0.00492021
variance of residuals (reduced chisquare) = WSSR/ndf   : 2.42085e-05

Final set of parameters            Asymptotic Standard Error
=======================            ==========================
s               = 1.85175          +/- 0.006528     (0.3525%)


*******************************************************************************
Wed Sep 13 16:39:19 2023


FIT:    data read from 'function_chi_final.txt'
        format = z
        x range restricted to [0.00000 : 30.0000]
        #datapoints = 151
        residuals are weighted equally (unit weight)

function used for fitting: f(x)
	f(x) = exp(-x**2/(2*s**2))*((3.1415*s**2)**(-1./2.))
fitted parameters initialized with current variable values

iter      chisq       delta/lim  lambda   s            
   0 5.3752028898e-01   0.00e+00  6.39e-02    1.851751e+00
   7 8.6541401402e-07  -9.72e-01  6.39e-09    9.874490e+00

After 7 iterations the fit converged.
final sum of squares of residuals : 8.65414e-07
rel. change during last iteration : -9.71666e-06

degrees of freedom    (FIT_NDF)                        : 150
rms of residuals      (FIT_STDFIT) = sqrt(WSSR/ndf)    : 7.59567e-05
variance of residuals (reduced chisquare) = WSSR/ndf   : 5.76943e-09

Final set of parameters            Asymptotic Standard Error
=======================            ==========================
s               = 9.87449          +/- 0.002278     (0.02307%)


*******************************************************************************
Wed Sep 13 16:44:33 2023


FIT:    data read from 'function_chi_final.txt'
        format = z
        x range restricted to [0.00000 : 30.0000]
        #datapoints = 151
        residuals are weighted equally (unit weight)

function used for fitting: f(x)
	f(x) = exp(-x**2/(2*s**2))*((3.1415*s**2)**(-1./2.))
fitted parameters initialized with current variable values

iter      chisq       delta/lim  lambda   s            
   0 4.8845474176e-02   0.00e+00  2.68e-02    9.874490e+00
   6 1.0592319406e-06   0.00e+00  2.68e+03    5.452252e+00

After 6 iterations the fit converged.
final sum of squares of residuals : 1.05923e-06
rel. change during last iteration : 0

degrees of freedom    (FIT_NDF)                        : 150
rms of residuals      (FIT_STDFIT) = sqrt(WSSR/ndf)    : 8.4033e-05
variance of residuals (reduced chisquare) = WSSR/ndf   : 7.06155e-09

Final set of parameters            Asymptotic Standard Error
=======================            ==========================
s               = 5.45225          +/- 0.001027     (0.01883%)


*******************************************************************************
Fri Sep 15 10:18:07 2023


FIT:    data read from 'function_chi_final.txt'
        format = z
        #datapoints = 500
        residuals are weighted equally (unit weight)

function used for fitting: f(x)
	f(x) = exp(-x**2/(2*s**2))*((3.1415*s**2)**(-1./2.))
fitted parameters initialized with current variable values

iter      chisq       delta/lim  lambda   s            
   0 8.7983978166e+00   0.00e+00  8.58e-02    1.000000e+00
  12 2.1583982191e-02  -1.01e-01  8.58e-07    2.924959e-01

After 12 iterations the fit converged.
final sum of squares of residuals : 0.021584
rel. change during last iteration : -1.00781e-06

degrees of freedom    (FIT_NDF)                        : 499
rms of residuals      (FIT_STDFIT) = sqrt(WSSR/ndf)    : 0.00657681
variance of residuals (reduced chisquare) = WSSR/ndf   : 4.32545e-05

Final set of parameters            Asymptotic Standard Error
=======================            ==========================
s               = 0.292496         +/- 0.0005161    (0.1764%)


*******************************************************************************
Fri Sep 15 10:23:54 2023


FIT:    data read from 'function_chi_final.txt'
        format = z
        x range restricted to [0.00000 : 30.0000]
        #datapoints = 500
        residuals are weighted equally (unit weight)

function used for fitting: f(x)
	f(x) = exp(-x**2/(2*s**2))*((3.1415*s**2)**(-1./2.))
fitted parameters initialized with current variable values

iter      chisq       delta/lim  lambda   s            
   0 2.1583982191e-02   0.00e+00  1.67e-01    2.924959e-01
   1 2.1583982191e-02   0.00e+00  1.67e+05    2.924959e-01

After 1 iterations the fit converged.
final sum of squares of residuals : 0.021584
rel. change during last iteration : 0

degrees of freedom    (FIT_NDF)                        : 499
rms of residuals      (FIT_STDFIT) = sqrt(WSSR/ndf)    : 0.00657681
variance of residuals (reduced chisquare) = WSSR/ndf   : 4.32545e-05

Final set of parameters            Asymptotic Standard Error
=======================            ==========================
s               = 0.292496         +/- 0.0005161    (0.1764%)


*******************************************************************************
Fri Sep 15 10:31:49 2023


FIT:    data read from 'function_chi_final.txt'
        format = z
        x range restricted to [0.00000 : 30.0000]
        #datapoints = 251
        residuals are weighted equally (unit weight)

function used for fitting: f(x)
	f(x) = exp(-x**2/(2*s**2))*((3.1415*s**2)**(-1./2.))
fitted parameters initialized with current variable values

iter      chisq       delta/lim  lambda   s            
   0 6.9057135171e-01   0.00e+00  1.77e-01    2.924959e-01
   5 5.8407237211e-03  -1.78e-10  1.77e+03    4.070184e-01

After 5 iterations the fit converged.
final sum of squares of residuals : 0.00584072
rel. change during last iteration : -1.78203e-15

degrees of freedom    (FIT_NDF)                        : 250
rms of residuals      (FIT_STDFIT) = sqrt(WSSR/ndf)    : 0.00483352
variance of residuals (reduced chisquare) = WSSR/ndf   : 2.33629e-05

Final set of parameters            Asymptotic Standard Error
=======================            ==========================
s               = 0.407018         +/- 0.0008558    (0.2103%)


*******************************************************************************
Fri Sep 15 10:35:26 2023


FIT:    data read from 'function_chi_final.txt'
        format = z
        x range restricted to [0.00000 : 30.0000]
        #datapoints = 500
        residuals are weighted equally (unit weight)

function used for fitting: f(x)
	f(x) = exp(-x**2/(2*s**2))*((3.1415*s**2)**(-1./2.))
fitted parameters initialized with current variable values

iter      chisq       delta/lim  lambda   s            
   0 7.0779626320e+00   0.00e+00  1.91e-01    4.070184e-01
   6 8.0281125245e-02  -5.19e-11  1.91e+04    2.322891e-01

After 6 iterations the fit converged.
final sum of squares of residuals : 0.0802811
rel. change during last iteration : -5.18595e-16

degrees of freedom    (FIT_NDF)                        : 499
rms of residuals      (FIT_STDFIT) = sqrt(WSSR/ndf)    : 0.012684
variance of residuals (reduced chisquare) = WSSR/ndf   : 0.000160884

Final set of parameters            Asymptotic Standard Error
=======================            ==========================
s               = 0.232289         +/- 0.0005109    (0.2199%)


*******************************************************************************
Fri Sep 15 10:39:42 2023


FIT:    data read from 'function_chi_final.txt'
        format = z
        x range restricted to [0.00000 : 30.0000]
        #datapoints = 1000
        residuals are weighted equally (unit weight)

function used for fitting: f(x)
	f(x) = exp(-x**2/(2*s**2))*((3.1415*s**2)**(-1./2.))
fitted parameters initialized with current variable values

iter      chisq       delta/lim  lambda   s            
   0 1.1737149962e+00   0.00e+00  2.52e-01    2.322891e-01
   3 2.2522235565e-01  -2.35e-01  2.52e-04    2.054556e-01

After 3 iterations the fit converged.
final sum of squares of residuals : 0.225222
rel. change during last iteration : -2.35274e-06

degrees of freedom    (FIT_NDF)                        : 999
rms of residuals      (FIT_STDFIT) = sqrt(WSSR/ndf)    : 0.0150149
variance of residuals (reduced chisquare) = WSSR/ndf   : 0.000225448

Final set of parameters            Asymptotic Standard Error
=======================            ==========================
s               = 0.205456         +/- 0.0003628    (0.1766%)


*******************************************************************************
Fri Sep 15 10:48:37 2023


FIT:    data read from 'function_chi_final.txt'
        format = z
        x range restricted to [0.00000 : 30.0000]
        #datapoints = 1000
        residuals are weighted equally (unit weight)

function used for fitting: f(x)
	f(x) = exp(-x**2/(2*s**2))*((3.1415*s**2)**(-1./2.))
fitted parameters initialized with current variable values

iter      chisq       delta/lim  lambda   s            
   0 2.2519152858e-01   0.00e+00  2.69e-01    2.054556e-01
   1 2.2518934394e-01  -9.70e-01  2.69e-02    2.054976e-01

After 1 iterations the fit converged.
final sum of squares of residuals : 0.225189
rel. change during last iteration : -9.70134e-06

degrees of freedom    (FIT_NDF)                        : 999
rms of residuals      (FIT_STDFIT) = sqrt(WSSR/ndf)    : 0.0150138
variance of residuals (reduced chisquare) = WSSR/ndf   : 0.000225415

Final set of parameters            Asymptotic Standard Error
=======================            ==========================
s               = 0.205498         +/- 0.0003629    (0.1766%)


*******************************************************************************
Fri Sep 15 10:55:53 2023


FIT:    data read from 'function_chi_final.txt'
        format = z
        x range restricted to [0.00000 : 30.0000]
        #datapoints = 1500
        residuals are weighted equally (unit weight)

function used for fitting: f(x)
	f(x) = exp(-x**2/(2*s**2))*((3.1415*s**2)**(-1./2.))
fitted parameters initialized with current variable values

iter      chisq       delta/lim  lambda   s            
   0 9.5996876499e-01   0.00e+00  3.25e-01    2.054976e-01
   3 5.8152731445e-01  -9.99e-01  3.25e-04    1.954354e-01

After 3 iterations the fit converged.
final sum of squares of residuals : 0.581527
rel. change during last iteration : -9.99061e-06

degrees of freedom    (FIT_NDF)                        : 1499
rms of residuals      (FIT_STDFIT) = sqrt(WSSR/ndf)    : 0.0196963
variance of residuals (reduced chisquare) = WSSR/ndf   : 0.000387944

Final set of parameters            Asymptotic Standard Error
=======================            ==========================
s               = 0.195435         +/- 0.0002985    (0.1527%)


*******************************************************************************
Fri Sep 15 11:04:02 2023


FIT:    data read from 'function_chi_final.txt'
        format = z
        x range restricted to [0.00000 : 30.0000]
        #datapoints = 1500
        residuals are weighted equally (unit weight)

function used for fitting: f(x)
	f(x) = exp(-x**2/(2*s**2))*((3.1415*s**2)**(-1./2.))
fitted parameters initialized with current variable values

iter      chisq       delta/lim  lambda   s            
   0 5.8152731445e-01   0.00e+00  3.33e-01    1.954354e-01
   1 5.8152714809e-01  -2.86e-02  3.33e-02    1.954332e-01

After 1 iterations the fit converged.
final sum of squares of residuals : 0.581527
rel. change during last iteration : -2.8609e-07

degrees of freedom    (FIT_NDF)                        : 1499
rms of residuals      (FIT_STDFIT) = sqrt(WSSR/ndf)    : 0.0196963
variance of residuals (reduced chisquare) = WSSR/ndf   : 0.000387943

Final set of parameters            Asymptotic Standard Error
=======================            ==========================
s               = 0.195433         +/- 0.0002985    (0.1527%)
